<?xml version="1.0" ?>
<!DOCTYPE coverage SYSTEM "http://cobertura.sourceforge.net/xml/coverage-04.dtd">
<coverage lines-valid="3" lines-covered="2" line-rate="0.6666" branches-valid="0" branches-covered="0" branch-rate="1" timestamp="1741793612420" complexity="0" version="0.1">
  <sources>
    <source>C:\Users\adria\Documents\templates\template-react-ts\template-react-ts</source>
  </sources>
  <packages>
    <package name="main" line-rate="0.6666" branch-rate="1">
      <classes>
        <class name="App.tsx" filename="src\App.tsx" line-rate="0.6666" branch-rate="1">
          <methods>
            <method name="App" hits="1" signature="()V">
              <lines>
                <line number="3" hits="1"/>
              </lines>
            </method>
            <method name="(anonymous_1)" hits="0" signature="()V">
              <lines>
                <line number="16" hits="0"/>
              </lines>
            </method>
            <method name="(anonymous_2)" hits="0" signature="()V">
              <lines>
                <line number="16" hits="0"/>
              </lines>
            </method>
          </methods>
          <lines>
            <line number="4" hits="1" branch="false"/>
            <line number="6" hits="1" branch="false"/>
            <line number="16" hits="0" branch="false"/>
          </lines>
        </class>
      </classes>
    </package>
  </packages>
</coverage>
